Arguments: 
  /usr/local/Cellar/node/11.5.0/bin/node /usr/local/Cellar/yarn/1.12.3/libexec/bin/yarn.js add react-router-do

PATH: 
  /usr/local/bin:/usr/bin:/bin:/usr/sbin:/sbin

Yarn version: 
  1.12.3

Node version: 
  11.5.0

Platform: 
  darwin x64

Trace: 
  Error: https://registry.yarnpkg.com/react-router-do: Not found
      at Request.params.callback [as _callback] (/usr/local/Cellar/yarn/1.12.3/libexec/lib/cli.js:65894:18)
      at Request.self.callback (/usr/local/Cellar/yarn/1.12.3/libexec/lib/cli.js:129018:22)
      at Request.emit (events.js:189:13)
      at Request.<anonymous> (/usr/local/Cellar/yarn/1.12.3/libexec/lib/cli.js:129990:10)
      at Request.emit (events.js:189:13)
      at IncomingMessage.<anonymous> (/usr/local/Cellar/yarn/1.12.3/libexec/lib/cli.js:129912:12)
      at Object.onceWrapper (events.js:277:13)
      at IncomingMessage.emit (events.js:194:15)
      at endReadableNT (_stream_readable.js:1129:12)
      at process.internalTickCallback (internal/process/next_tick.js:72:19)

npm manifest: 
  {
  	"name": "react-tutorials",
  	"version": "0.0.0",
  	"description": "",
  	"main": "webpack.config.js",
  	"dependencies": {
  		"babel-core": "^6.17.0",
  		"babel-plugin-add-module-exports": "^0.1.2",
  		"babel-plugin-react-html-attrs": "^2.0.0",
  		"babel-plugin-transform-class-properties": "^6.3.13",
  		"babel-plugin-transform-decorators-legacy": "^1.3.4",
  		"babel-preset-stage-0": "^6.3.13",
  		"react": "^0.14.6",
  		"react-dom": "^0.14.6",
  		"react-redux": "^5.0.6",
  		"redux": "^3.7.2",
  		"superagent": "^3.8.2",
  		"webpack-dev-server": "^1.14.1"
  	},
  	"devDependencies": {
  		"babel-loader": "^6.4.1",
  		"babel-preset-es2015": "^6.24.1",
  		"babel-preset-react": "^6.24.1",
  		"css-loader": "^0.28.10",
  		"style-loader": "^0.20.2",
  		"webpack": "^1.15.0"
  	},
  	"scripts": {
  		"start": "node server.js",
  		"dev": "webpack --watch --config webpack.config.js",
  		"test": "echo \"Error: no test specified\" && exit 1"
  	},
  	"author": "",
  	"license": "ISC"
  }

yarn manifest: 
  No manifest

Lockfile: 
  No lockfile
